
> types@5.0.0 test
> echo "Error: no test specified" && exit 1

"Error: no test specified" 
npm ERR! Lifecycle script `test` failed with error: 
npm ERR! Error: command failed 
npm ERR!   in workspace: types@5.0.0 
npm ERR!   at location: D:\Portfolio\myPocket\packages\types 
